
*** Running vivado
    with args -log top_wrapper.vds -m64 -product Vivado -mode batch -messageDb vivado.pb -notrace -source top_wrapper.tcl


ECHO is off.
ECHO is off.

****** Vivado v2023.2 (64-bit)
  **** SW Build 4029153 on Fri Oct 13 20:14:34 MDT 2023
  **** IP Build 4028589 on Sat Oct 14 00:45:43 MDT 2023
  **** SharedData Build 4025554 on Tue Oct 10 17:18:54 MDT 2023
    ** Copyright 1986-2022 Xilinx, Inc. All Rights Reserved.
    ** Copyright 2022-2023 Advanced Micro Devices, Inc. All Rights Reserved.

source top_wrapper.tcl -notrace
create_project: Time (s): cpu = 00:00:06 ; elapsed = 00:00:06 . Memory (MB): peak = 512.098 ; gain = 216.465
INFO: [IP_Flow 19-234] Refreshing IP repositories
INFO: [IP_Flow 19-1700] Loaded user IP repository 'j:/Xilinx/Vivado/vivado-library-master'.
INFO: [IP_Flow 19-2313] Loaded Vivado IP repository 'J:/Xilinx/Vivado/2023.2/data/ip'.
Command: read_checkpoint -auto_incremental -incremental {C:/Users/Dev/Documents/vivado test/WYWM/Capstone Project/CS4/CS4.srcs/utils_1/imports/synth_1/top_wrapper.dcp}
INFO: [Vivado 12-5825] Read reference checkpoint from C:/Users/Dev/Documents/vivado test/WYWM/Capstone Project/CS4/CS4.srcs/utils_1/imports/synth_1/top_wrapper.dcp for incremental synthesis
INFO: [Vivado 12-7989] Please ensure there are no constraint changes
Command: synth_design -top top_wrapper -part xc7a35tcpg236-1
Starting synth_design
Attempting to get a license for feature 'Synthesis' and/or device 'xc7a35t'
INFO: [Common 17-349] Got license for feature 'Synthesis' and/or device 'xc7a35t'
INFO: [Device 21-403] Loading part xc7a35tcpg236-1
INFO: [Designutils 20-5440] No compile time benefit to using incremental synthesis; A full resynthesis will be run
INFO: [Designutils 20-4379] Flow is switching to default flow due to incremental criteria not met. If you would like to alter this behaviour and have the flow terminate instead, please set the following parameter config_implementation {autoIncr.Synth.RejectBehavior Terminate}
INFO: [Synth 8-7079] Multithreading enabled for synth_design using a maximum of 2 processes.
INFO: [Synth 8-7078] Launching helper process for spawning children vivado processes
INFO: [Synth 8-7075] Helper process launched with PID 44660
---------------------------------------------------------------------------------
Starting RTL Elaboration : Time (s): cpu = 00:00:04 ; elapsed = 00:00:04 . Memory (MB): peak = 1392.996 ; gain = 440.320
---------------------------------------------------------------------------------
INFO: [Synth 8-638] synthesizing module 'top_wrapper' [c:/Users/Dev/Documents/vivado test/WYWM/Capstone Project/CS4/CS4.gen/sources_1/bd/top/hdl/top_wrapper.vhd:23]
INFO: [Synth 8-3491] module 'top' declared at 'c:/Users/Dev/Documents/vivado test/WYWM/Capstone Project/CS4/CS4.gen/sources_1/bd/top/synth/top.vhd:24' bound to instance 'top_i' of component 'top' [c:/Users/Dev/Documents/vivado test/WYWM/Capstone Project/CS4/CS4.gen/sources_1/bd/top/hdl/top_wrapper.vhd:32]
INFO: [Synth 8-638] synthesizing module 'top' [c:/Users/Dev/Documents/vivado test/WYWM/Capstone Project/CS4/CS4.gen/sources_1/bd/top/synth/top.vhd:36]
INFO: [Synth 8-3491] module 'top_UART_TX_CTRL_0_0' declared at 'C:/Users/Dev/Documents/vivado test/WYWM/Capstone Project/CS4/CS4.runs/synth_1/.Xil/Vivado-44060-DESKTOP-EFRMAI2/realtime/top_UART_TX_CTRL_0_0_stub.vhdl:6' bound to instance 'UART_TX_CTRL_0' of component 'top_UART_TX_CTRL_0_0' [c:/Users/Dev/Documents/vivado test/WYWM/Capstone Project/CS4/CS4.gen/sources_1/bd/top/synth/top.vhd:272]
INFO: [Synth 8-638] synthesizing module 'top_UART_TX_CTRL_0_0' [C:/Users/Dev/Documents/vivado test/WYWM/Capstone Project/CS4/CS4.runs/synth_1/.Xil/Vivado-44060-DESKTOP-EFRMAI2/realtime/top_UART_TX_CTRL_0_0_stub.vhdl:17]
INFO: [Synth 8-3491] module 'top_blk_mem_gen_0_0' declared at 'C:/Users/Dev/Documents/vivado test/WYWM/Capstone Project/CS4/CS4.runs/synth_1/.Xil/Vivado-44060-DESKTOP-EFRMAI2/realtime/top_blk_mem_gen_0_0_stub.vhdl:6' bound to instance 'blk_mem_gen_0' of component 'top_blk_mem_gen_0_0' [c:/Users/Dev/Documents/vivado test/WYWM/Capstone Project/CS4/CS4.gen/sources_1/bd/top/synth/top.vhd:280]
INFO: [Synth 8-638] synthesizing module 'top_blk_mem_gen_0_0' [C:/Users/Dev/Documents/vivado test/WYWM/Capstone Project/CS4/CS4.runs/synth_1/.Xil/Vivado-44060-DESKTOP-EFRMAI2/realtime/top_blk_mem_gen_0_0_stub.vhdl:16]
INFO: [Synth 8-3491] module 'top_blk_mem_gen_1_0' declared at 'C:/Users/Dev/Documents/vivado test/WYWM/Capstone Project/CS4/CS4.runs/synth_1/.Xil/Vivado-44060-DESKTOP-EFRMAI2/realtime/top_blk_mem_gen_1_0_stub.vhdl:6' bound to instance 'blk_mem_gen_1' of component 'top_blk_mem_gen_1_0' [c:/Users/Dev/Documents/vivado test/WYWM/Capstone Project/CS4/CS4.gen/sources_1/bd/top/synth/top.vhd:287]
INFO: [Synth 8-638] synthesizing module 'top_blk_mem_gen_1_0' [C:/Users/Dev/Documents/vivado test/WYWM/Capstone Project/CS4/CS4.runs/synth_1/.Xil/Vivado-44060-DESKTOP-EFRMAI2/realtime/top_blk_mem_gen_1_0_stub.vhdl:24]
INFO: [Synth 8-3491] module 'top_blk_mem_gen_2_0' declared at 'C:/Users/Dev/Documents/vivado test/WYWM/Capstone Project/CS4/CS4.runs/synth_1/.Xil/Vivado-44060-DESKTOP-EFRMAI2/realtime/top_blk_mem_gen_2_0_stub.vhdl:6' bound to instance 'blk_mem_gen_2' of component 'top_blk_mem_gen_2_0' [c:/Users/Dev/Documents/vivado test/WYWM/Capstone Project/CS4/CS4.gen/sources_1/bd/top/synth/top.vhd:302]
INFO: [Synth 8-638] synthesizing module 'top_blk_mem_gen_2_0' [C:/Users/Dev/Documents/vivado test/WYWM/Capstone Project/CS4/CS4.runs/synth_1/.Xil/Vivado-44060-DESKTOP-EFRMAI2/realtime/top_blk_mem_gen_2_0_stub.vhdl:24]
INFO: [Synth 8-3491] module 'top_bram_reader_0_1' declared at 'C:/Users/Dev/Documents/vivado test/WYWM/Capstone Project/CS4/CS4.runs/synth_1/.Xil/Vivado-44060-DESKTOP-EFRMAI2/realtime/top_bram_reader_0_1_stub.vhdl:6' bound to instance 'bram_reader_0' of component 'top_bram_reader_0_1' [c:/Users/Dev/Documents/vivado test/WYWM/Capstone Project/CS4/CS4.gen/sources_1/bd/top/synth/top.vhd:317]
INFO: [Synth 8-638] synthesizing module 'top_bram_reader_0_1' [C:/Users/Dev/Documents/vivado test/WYWM/Capstone Project/CS4/CS4.runs/synth_1/.Xil/Vivado-44060-DESKTOP-EFRMAI2/realtime/top_bram_reader_0_1_stub.vhdl:19]
INFO: [Synth 8-3491] module 'top_clk_wiz_0_0' declared at 'C:/Users/Dev/Documents/vivado test/WYWM/Capstone Project/CS4/CS4.runs/synth_1/.Xil/Vivado-44060-DESKTOP-EFRMAI2/realtime/top_clk_wiz_0_0_stub.vhdl:6' bound to instance 'clk_wiz_0' of component 'top_clk_wiz_0_0' [c:/Users/Dev/Documents/vivado test/WYWM/Capstone Project/CS4/CS4.gen/sources_1/bd/top/synth/top.vhd:327]
INFO: [Synth 8-638] synthesizing module 'top_clk_wiz_0_0' [C:/Users/Dev/Documents/vivado test/WYWM/Capstone Project/CS4/CS4.runs/synth_1/.Xil/Vivado-44060-DESKTOP-EFRMAI2/realtime/top_clk_wiz_0_0_stub.vhdl:16]
INFO: [Synth 8-3491] module 'top_ila_0_0' declared at 'C:/Users/Dev/Documents/vivado test/WYWM/Capstone Project/CS4/CS4.runs/synth_1/.Xil/Vivado-44060-DESKTOP-EFRMAI2/realtime/top_ila_0_0_stub.vhdl:6' bound to instance 'ila_0' of component 'top_ila_0_0' [c:/Users/Dev/Documents/vivado test/WYWM/Capstone Project/CS4/CS4.gen/sources_1/bd/top/synth/top.vhd:334]
INFO: [Synth 8-638] synthesizing module 'top_ila_0_0' [C:/Users/Dev/Documents/vivado test/WYWM/Capstone Project/CS4/CS4.runs/synth_1/.Xil/Vivado-44060-DESKTOP-EFRMAI2/realtime/top_ila_0_0_stub.vhdl:19]
INFO: [Synth 8-3491] module 'top_image_threshold_0_0' declared at 'C:/Users/Dev/Documents/vivado test/WYWM/Capstone Project/CS4/CS4.runs/synth_1/.Xil/Vivado-44060-DESKTOP-EFRMAI2/realtime/top_image_threshold_0_0_stub.vhdl:6' bound to instance 'image_threshold_0' of component 'top_image_threshold_0_0' [c:/Users/Dev/Documents/vivado test/WYWM/Capstone Project/CS4/CS4.gen/sources_1/bd/top/synth/top.vhd:344]
INFO: [Synth 8-638] synthesizing module 'top_image_threshold_0_0' [C:/Users/Dev/Documents/vivado test/WYWM/Capstone Project/CS4/CS4.runs/synth_1/.Xil/Vivado-44060-DESKTOP-EFRMAI2/realtime/top_image_threshold_0_0_stub.vhdl:22]
INFO: [Synth 8-3491] module 'top_line_buffer_simple_0_0' declared at 'C:/Users/Dev/Documents/vivado test/WYWM/Capstone Project/CS4/CS4.runs/synth_1/.Xil/Vivado-44060-DESKTOP-EFRMAI2/realtime/top_line_buffer_simple_0_0_stub.vhdl:6' bound to instance 'line_buffer_simple_0' of component 'top_line_buffer_simple_0_0' [c:/Users/Dev/Documents/vivado test/WYWM/Capstone Project/CS4/CS4.gen/sources_1/bd/top/synth/top.vhd:357]
INFO: [Synth 8-638] synthesizing module 'top_line_buffer_simple_0_0' [C:/Users/Dev/Documents/vivado test/WYWM/Capstone Project/CS4/CS4.runs/synth_1/.Xil/Vivado-44060-DESKTOP-EFRMAI2/realtime/top_line_buffer_simple_0_0_stub.vhdl:28]
INFO: [Synth 8-3491] module 'top_rst_clk_wiz_0_100M_0' declared at 'C:/Users/Dev/Documents/vivado test/WYWM/Capstone Project/CS4/CS4.runs/synth_1/.Xil/Vivado-44060-DESKTOP-EFRMAI2/realtime/top_rst_clk_wiz_0_100M_0_stub.vhdl:6' bound to instance 'rst_clk_wiz_0_100M' of component 'top_rst_clk_wiz_0_100M_0' [c:/Users/Dev/Documents/vivado test/WYWM/Capstone Project/CS4/CS4.gen/sources_1/bd/top/synth/top.vhd:376]
INFO: [Synth 8-638] synthesizing module 'top_rst_clk_wiz_0_100M_0' [C:/Users/Dev/Documents/vivado test/WYWM/Capstone Project/CS4/CS4.runs/synth_1/.Xil/Vivado-44060-DESKTOP-EFRMAI2/realtime/top_rst_clk_wiz_0_100M_0_stub.vhdl:22]
INFO: [Synth 8-3491] module 'top_sobel_processor_0_0' declared at 'C:/Users/Dev/Documents/vivado test/WYWM/Capstone Project/CS4/CS4.runs/synth_1/.Xil/Vivado-44060-DESKTOP-EFRMAI2/realtime/top_sobel_processor_0_0_stub.vhdl:6' bound to instance 'sobel_processor_0' of component 'top_sobel_processor_0_0' [c:/Users/Dev/Documents/vivado test/WYWM/Capstone Project/CS4/CS4.gen/sources_1/bd/top/synth/top.vhd:389]
INFO: [Synth 8-638] synthesizing module 'top_sobel_processor_0_0' [C:/Users/Dev/Documents/vivado test/WYWM/Capstone Project/CS4/CS4.runs/synth_1/.Xil/Vivado-44060-DESKTOP-EFRMAI2/realtime/top_sobel_processor_0_0_stub.vhdl:29]
INFO: [Synth 8-3491] module 'top_uart_bram_loader_0_1' declared at 'C:/Users/Dev/Documents/vivado test/WYWM/Capstone Project/CS4/CS4.runs/synth_1/.Xil/Vivado-44060-DESKTOP-EFRMAI2/realtime/top_uart_bram_loader_0_1_stub.vhdl:6' bound to instance 'uart_bram_loader_0' of component 'top_uart_bram_loader_0_1' [c:/Users/Dev/Documents/vivado test/WYWM/Capstone Project/CS4/CS4.gen/sources_1/bd/top/synth/top.vhd:409]
INFO: [Synth 8-638] synthesizing module 'top_uart_bram_loader_0_1' [C:/Users/Dev/Documents/vivado test/WYWM/Capstone Project/CS4/CS4.runs/synth_1/.Xil/Vivado-44060-DESKTOP-EFRMAI2/realtime/top_uart_bram_loader_0_1_stub.vhdl:22]
INFO: [Synth 8-3491] module 'top_xlconstant_0_0' declared at 'c:/Users/Dev/Documents/vivado test/WYWM/Capstone Project/CS4/CS4.gen/sources_1/bd/top/ip/top_xlconstant_0_0/synth/top_xlconstant_0_0.v:53' bound to instance 'xlconstant_0' of component 'top_xlconstant_0_0' [c:/Users/Dev/Documents/vivado test/WYWM/Capstone Project/CS4/CS4.gen/sources_1/bd/top/synth/top.vhd:422]
INFO: [Synth 8-6157] synthesizing module 'top_xlconstant_0_0' [c:/Users/Dev/Documents/vivado test/WYWM/Capstone Project/CS4/CS4.gen/sources_1/bd/top/ip/top_xlconstant_0_0/synth/top_xlconstant_0_0.v:53]
INFO: [Synth 8-6157] synthesizing module 'xlconstant_v1_1_8_xlconstant' [c:/Users/Dev/Documents/vivado test/WYWM/Capstone Project/CS4/CS4.gen/sources_1/bd/top/ipshared/d390/hdl/xlconstant_v1_1_vl_rfs.v:68]
INFO: [Synth 8-6155] done synthesizing module 'xlconstant_v1_1_8_xlconstant' (0#1) [c:/Users/Dev/Documents/vivado test/WYWM/Capstone Project/CS4/CS4.gen/sources_1/bd/top/ipshared/d390/hdl/xlconstant_v1_1_vl_rfs.v:68]
INFO: [Synth 8-6155] done synthesizing module 'top_xlconstant_0_0' (0#1) [c:/Users/Dev/Documents/vivado test/WYWM/Capstone Project/CS4/CS4.gen/sources_1/bd/top/ip/top_xlconstant_0_0/synth/top_xlconstant_0_0.v:53]
INFO: [Synth 8-3491] module 'top_xlconstant_1_0' declared at 'c:/Users/Dev/Documents/vivado test/WYWM/Capstone Project/CS4/CS4.gen/sources_1/bd/top/ip/top_xlconstant_1_0/synth/top_xlconstant_1_0.v:53' bound to instance 'xlconstant_1' of component 'top_xlconstant_1_0' [c:/Users/Dev/Documents/vivado test/WYWM/Capstone Project/CS4/CS4.gen/sources_1/bd/top/synth/top.vhd:426]
INFO: [Synth 8-6157] synthesizing module 'top_xlconstant_1_0' [c:/Users/Dev/Documents/vivado test/WYWM/Capstone Project/CS4/CS4.gen/sources_1/bd/top/ip/top_xlconstant_1_0/synth/top_xlconstant_1_0.v:53]
INFO: [Synth 8-6155] done synthesizing module 'top_xlconstant_1_0' (0#1) [c:/Users/Dev/Documents/vivado test/WYWM/Capstone Project/CS4/CS4.gen/sources_1/bd/top/ip/top_xlconstant_1_0/synth/top_xlconstant_1_0.v:53]
INFO: [Synth 8-3491] module 'top_xlconstant_2_0' declared at 'c:/Users/Dev/Documents/vivado test/WYWM/Capstone Project/CS4/CS4.gen/sources_1/bd/top/ip/top_xlconstant_2_0/synth/top_xlconstant_2_0.v:53' bound to instance 'xlconstant_2' of component 'top_xlconstant_2_0' [c:/Users/Dev/Documents/vivado test/WYWM/Capstone Project/CS4/CS4.gen/sources_1/bd/top/synth/top.vhd:430]
INFO: [Synth 8-6157] synthesizing module 'top_xlconstant_2_0' [c:/Users/Dev/Documents/vivado test/WYWM/Capstone Project/CS4/CS4.gen/sources_1/bd/top/ip/top_xlconstant_2_0/synth/top_xlconstant_2_0.v:53]
INFO: [Synth 8-6157] synthesizing module 'xlconstant_v1_1_8_xlconstant__parameterized0' [c:/Users/Dev/Documents/vivado test/WYWM/Capstone Project/CS4/CS4.gen/sources_1/bd/top/ipshared/d390/hdl/xlconstant_v1_1_vl_rfs.v:68]
INFO: [Synth 8-6155] done synthesizing module 'xlconstant_v1_1_8_xlconstant__parameterized0' (0#1) [c:/Users/Dev/Documents/vivado test/WYWM/Capstone Project/CS4/CS4.gen/sources_1/bd/top/ipshared/d390/hdl/xlconstant_v1_1_vl_rfs.v:68]
INFO: [Synth 8-6155] done synthesizing module 'top_xlconstant_2_0' (0#1) [c:/Users/Dev/Documents/vivado test/WYWM/Capstone Project/CS4/CS4.gen/sources_1/bd/top/ip/top_xlconstant_2_0/synth/top_xlconstant_2_0.v:53]
INFO: [Synth 8-256] done synthesizing module 'top' (0#1) [c:/Users/Dev/Documents/vivado test/WYWM/Capstone Project/CS4/CS4.gen/sources_1/bd/top/synth/top.vhd:36]
INFO: [Synth 8-256] done synthesizing module 'top_wrapper' (0#1) [c:/Users/Dev/Documents/vivado test/WYWM/Capstone Project/CS4/CS4.gen/sources_1/bd/top/hdl/top_wrapper.vhd:23]
INFO: [Synth 8-6071] Mark debug on the nets applies keep_hierarchy on instance 'top_i'. This will prevent further optimization [c:/Users/Dev/Documents/vivado test/WYWM/Capstone Project/CS4/CS4.gen/sources_1/bd/top/hdl/top_wrapper.vhd:32]
---------------------------------------------------------------------------------
Finished RTL Elaboration : Time (s): cpu = 00:00:06 ; elapsed = 00:00:06 . Memory (MB): peak = 1504.770 ; gain = 552.094
---------------------------------------------------------------------------------
---------------------------------------------------------------------------------
Start Handling Custom Attributes
---------------------------------------------------------------------------------
---------------------------------------------------------------------------------
Finished Handling Custom Attributes : Time (s): cpu = 00:00:06 ; elapsed = 00:00:06 . Memory (MB): peak = 1504.770 ; gain = 552.094
---------------------------------------------------------------------------------
---------------------------------------------------------------------------------
Finished RTL Optimization Phase 1 : Time (s): cpu = 00:00:06 ; elapsed = 00:00:06 . Memory (MB): peak = 1504.770 ; gain = 552.094
---------------------------------------------------------------------------------
Netlist sorting complete. Time (s): cpu = 00:00:00 ; elapsed = 00:00:00.002 . Memory (MB): peak = 1504.770 ; gain = 0.000
INFO: [Project 1-570] Preparing netlist for logic optimization

Processing XDC Constraints
Initializing timing engine
Parsing XDC File [c:/Users/Dev/Documents/vivado test/WYWM/Capstone Project/CS4/CS4.gen/sources_1/bd/top/ip/top_clk_wiz_0_0/top_clk_wiz_0_0/top_clk_wiz_0_0_in_context.xdc] for cell 'top_i/clk_wiz_0'
Finished Parsing XDC File [c:/Users/Dev/Documents/vivado test/WYWM/Capstone Project/CS4/CS4.gen/sources_1/bd/top/ip/top_clk_wiz_0_0/top_clk_wiz_0_0/top_clk_wiz_0_0_in_context.xdc] for cell 'top_i/clk_wiz_0'
Parsing XDC File [c:/Users/Dev/Documents/vivado test/WYWM/Capstone Project/CS4/CS4.gen/sources_1/bd/top/ip/top_blk_mem_gen_0_0/top_blk_mem_gen_0_0/top_blk_mem_gen_0_0_in_context.xdc] for cell 'top_i/blk_mem_gen_0'
Finished Parsing XDC File [c:/Users/Dev/Documents/vivado test/WYWM/Capstone Project/CS4/CS4.gen/sources_1/bd/top/ip/top_blk_mem_gen_0_0/top_blk_mem_gen_0_0/top_blk_mem_gen_0_0_in_context.xdc] for cell 'top_i/blk_mem_gen_0'
Parsing XDC File [c:/Users/Dev/Documents/vivado test/WYWM/Capstone Project/CS4/CS4.gen/sources_1/bd/top/ip/top_image_threshold_0_0/top_image_threshold_0_0/top_image_threshold_0_0_in_context.xdc] for cell 'top_i/image_threshold_0'
Finished Parsing XDC File [c:/Users/Dev/Documents/vivado test/WYWM/Capstone Project/CS4/CS4.gen/sources_1/bd/top/ip/top_image_threshold_0_0/top_image_threshold_0_0/top_image_threshold_0_0_in_context.xdc] for cell 'top_i/image_threshold_0'
Parsing XDC File [c:/Users/Dev/Documents/vivado test/WYWM/Capstone Project/CS4/CS4.gen/sources_1/bd/top/ip/top_blk_mem_gen_1_0/top_blk_mem_gen_1_0/top_blk_mem_gen_1_0_in_context.xdc] for cell 'top_i/blk_mem_gen_1'
Finished Parsing XDC File [c:/Users/Dev/Documents/vivado test/WYWM/Capstone Project/CS4/CS4.gen/sources_1/bd/top/ip/top_blk_mem_gen_1_0/top_blk_mem_gen_1_0/top_blk_mem_gen_1_0_in_context.xdc] for cell 'top_i/blk_mem_gen_1'
Parsing XDC File [c:/Users/Dev/Documents/vivado test/WYWM/Capstone Project/CS4/CS4.gen/sources_1/bd/top/ip/top_rst_clk_wiz_0_100M_0/top_rst_clk_wiz_0_100M_0/top_rst_clk_wiz_0_100M_0_in_context.xdc] for cell 'top_i/rst_clk_wiz_0_100M'
Finished Parsing XDC File [c:/Users/Dev/Documents/vivado test/WYWM/Capstone Project/CS4/CS4.gen/sources_1/bd/top/ip/top_rst_clk_wiz_0_100M_0/top_rst_clk_wiz_0_100M_0/top_rst_clk_wiz_0_100M_0_in_context.xdc] for cell 'top_i/rst_clk_wiz_0_100M'
Parsing XDC File [c:/Users/Dev/Documents/vivado test/WYWM/Capstone Project/CS4/CS4.gen/sources_1/bd/top/ip/top_sobel_processor_0_0/top_sobel_processor_0_0/top_sobel_processor_0_0_in_context.xdc] for cell 'top_i/sobel_processor_0'
Finished Parsing XDC File [c:/Users/Dev/Documents/vivado test/WYWM/Capstone Project/CS4/CS4.gen/sources_1/bd/top/ip/top_sobel_processor_0_0/top_sobel_processor_0_0/top_sobel_processor_0_0_in_context.xdc] for cell 'top_i/sobel_processor_0'
Parsing XDC File [c:/Users/Dev/Documents/vivado test/WYWM/Capstone Project/CS4/CS4.gen/sources_1/bd/top/ip/top_blk_mem_gen_2_0/top_blk_mem_gen_2_0/top_blk_mem_gen_1_0_in_context.xdc] for cell 'top_i/blk_mem_gen_2'
Finished Parsing XDC File [c:/Users/Dev/Documents/vivado test/WYWM/Capstone Project/CS4/CS4.gen/sources_1/bd/top/ip/top_blk_mem_gen_2_0/top_blk_mem_gen_2_0/top_blk_mem_gen_1_0_in_context.xdc] for cell 'top_i/blk_mem_gen_2'
Parsing XDC File [c:/Users/Dev/Documents/vivado test/WYWM/Capstone Project/CS4/CS4.gen/sources_1/bd/top/ip/top_UART_TX_CTRL_0_0/top_UART_TX_CTRL_0_0/top_UART_TX_CTRL_0_0_in_context.xdc] for cell 'top_i/UART_TX_CTRL_0'
Finished Parsing XDC File [c:/Users/Dev/Documents/vivado test/WYWM/Capstone Project/CS4/CS4.gen/sources_1/bd/top/ip/top_UART_TX_CTRL_0_0/top_UART_TX_CTRL_0_0/top_UART_TX_CTRL_0_0_in_context.xdc] for cell 'top_i/UART_TX_CTRL_0'
Parsing XDC File [c:/Users/Dev/Documents/vivado test/WYWM/Capstone Project/CS4/CS4.gen/sources_1/bd/top/ip/top_uart_bram_loader_0_1/top_uart_bram_loader_0_1/top_uart_bram_loader_0_1_in_context.xdc] for cell 'top_i/uart_bram_loader_0'
Finished Parsing XDC File [c:/Users/Dev/Documents/vivado test/WYWM/Capstone Project/CS4/CS4.gen/sources_1/bd/top/ip/top_uart_bram_loader_0_1/top_uart_bram_loader_0_1/top_uart_bram_loader_0_1_in_context.xdc] for cell 'top_i/uart_bram_loader_0'
Parsing XDC File [c:/Users/Dev/Documents/vivado test/WYWM/Capstone Project/CS4/CS4.gen/sources_1/bd/top/ip/top_ila_0_0/top_ila_0_0/top_ila_0_0_in_context.xdc] for cell 'top_i/ila_0'
Finished Parsing XDC File [c:/Users/Dev/Documents/vivado test/WYWM/Capstone Project/CS4/CS4.gen/sources_1/bd/top/ip/top_ila_0_0/top_ila_0_0/top_ila_0_0_in_context.xdc] for cell 'top_i/ila_0'
Parsing XDC File [c:/Users/Dev/Documents/vivado test/WYWM/Capstone Project/CS4/CS4.gen/sources_1/bd/top/ip/top_line_buffer_simple_0_0/top_line_buffer_simple_0_0/top_line_buffer_simple_0_0_in_context.xdc] for cell 'top_i/line_buffer_simple_0'
Finished Parsing XDC File [c:/Users/Dev/Documents/vivado test/WYWM/Capstone Project/CS4/CS4.gen/sources_1/bd/top/ip/top_line_buffer_simple_0_0/top_line_buffer_simple_0_0/top_line_buffer_simple_0_0_in_context.xdc] for cell 'top_i/line_buffer_simple_0'
Parsing XDC File [c:/Users/Dev/Documents/vivado test/WYWM/Capstone Project/CS4/CS4.gen/sources_1/bd/top/ip/top_bram_reader_0_1/top_bram_reader_0_1/top_bram_reader_0_1_in_context.xdc] for cell 'top_i/bram_reader_0'
Finished Parsing XDC File [c:/Users/Dev/Documents/vivado test/WYWM/Capstone Project/CS4/CS4.gen/sources_1/bd/top/ip/top_bram_reader_0_1/top_bram_reader_0_1/top_bram_reader_0_1_in_context.xdc] for cell 'top_i/bram_reader_0'
Parsing XDC File [C:/Users/Dev/Documents/vivado test/WYWM/Capstone Project/CS4/CS4.srcs/constrs_1/new/Basys3_Master.xdc]
WARNING: [Vivado 12-584] No ports matched 'CLK'. [C:/Users/Dev/Documents/vivado test/WYWM/Capstone Project/CS4/CS4.srcs/constrs_1/new/Basys3_Master.xdc:8]
WARNING: [Vivado 12-584] No ports matched 'CLK'. [C:/Users/Dev/Documents/vivado test/WYWM/Capstone Project/CS4/CS4.srcs/constrs_1/new/Basys3_Master.xdc:9]
WARNING: [Vivado 12-584] No ports matched 'CLK'. [C:/Users/Dev/Documents/vivado test/WYWM/Capstone Project/CS4/CS4.srcs/constrs_1/new/Basys3_Master.xdc:10]
WARNING: [Vivado 12-584] No ports matched 'SW[0]'. [C:/Users/Dev/Documents/vivado test/WYWM/Capstone Project/CS4/CS4.srcs/constrs_1/new/Basys3_Master.xdc:13]
WARNING: [Vivado 12-584] No ports matched 'SW[0]'. [C:/Users/Dev/Documents/vivado test/WYWM/Capstone Project/CS4/CS4.srcs/constrs_1/new/Basys3_Master.xdc:14]
WARNING: [Vivado 12-584] No ports matched 'SW[1]'. [C:/Users/Dev/Documents/vivado test/WYWM/Capstone Project/CS4/CS4.srcs/constrs_1/new/Basys3_Master.xdc:15]
WARNING: [Vivado 12-584] No ports matched 'SW[1]'. [C:/Users/Dev/Documents/vivado test/WYWM/Capstone Project/CS4/CS4.srcs/constrs_1/new/Basys3_Master.xdc:16]
WARNING: [Vivado 12-584] No ports matched 'SW[2]'. [C:/Users/Dev/Documents/vivado test/WYWM/Capstone Project/CS4/CS4.srcs/constrs_1/new/Basys3_Master.xdc:17]
WARNING: [Vivado 12-584] No ports matched 'SW[2]'. [C:/Users/Dev/Documents/vivado test/WYWM/Capstone Project/CS4/CS4.srcs/constrs_1/new/Basys3_Master.xdc:18]
WARNING: [Vivado 12-584] No ports matched 'SW[3]'. [C:/Users/Dev/Documents/vivado test/WYWM/Capstone Project/CS4/CS4.srcs/constrs_1/new/Basys3_Master.xdc:19]
WARNING: [Vivado 12-584] No ports matched 'SW[3]'. [C:/Users/Dev/Documents/vivado test/WYWM/Capstone Project/CS4/CS4.srcs/constrs_1/new/Basys3_Master.xdc:20]
WARNING: [Vivado 12-584] No ports matched 'SW[4]'. [C:/Users/Dev/Documents/vivado test/WYWM/Capstone Project/CS4/CS4.srcs/constrs_1/new/Basys3_Master.xdc:21]
WARNING: [Vivado 12-584] No ports matched 'SW[4]'. [C:/Users/Dev/Documents/vivado test/WYWM/Capstone Project/CS4/CS4.srcs/constrs_1/new/Basys3_Master.xdc:22]
WARNING: [Vivado 12-584] No ports matched 'SW[5]'. [C:/Users/Dev/Documents/vivado test/WYWM/Capstone Project/CS4/CS4.srcs/constrs_1/new/Basys3_Master.xdc:23]
WARNING: [Vivado 12-584] No ports matched 'SW[5]'. [C:/Users/Dev/Documents/vivado test/WYWM/Capstone Project/CS4/CS4.srcs/constrs_1/new/Basys3_Master.xdc:24]
WARNING: [Vivado 12-584] No ports matched 'SW[6]'. [C:/Users/Dev/Documents/vivado test/WYWM/Capstone Project/CS4/CS4.srcs/constrs_1/new/Basys3_Master.xdc:25]
WARNING: [Vivado 12-584] No ports matched 'SW[6]'. [C:/Users/Dev/Documents/vivado test/WYWM/Capstone Project/CS4/CS4.srcs/constrs_1/new/Basys3_Master.xdc:26]
WARNING: [Vivado 12-584] No ports matched 'SW[7]'. [C:/Users/Dev/Documents/vivado test/WYWM/Capstone Project/CS4/CS4.srcs/constrs_1/new/Basys3_Master.xdc:27]
WARNING: [Vivado 12-584] No ports matched 'SW[7]'. [C:/Users/Dev/Documents/vivado test/WYWM/Capstone Project/CS4/CS4.srcs/constrs_1/new/Basys3_Master.xdc:28]
WARNING: [Vivado 12-584] No ports matched 'SW[8]'. [C:/Users/Dev/Documents/vivado test/WYWM/Capstone Project/CS4/CS4.srcs/constrs_1/new/Basys3_Master.xdc:29]
WARNING: [Vivado 12-584] No ports matched 'SW[8]'. [C:/Users/Dev/Documents/vivado test/WYWM/Capstone Project/CS4/CS4.srcs/constrs_1/new/Basys3_Master.xdc:30]
WARNING: [Vivado 12-584] No ports matched 'SW[9]'. [C:/Users/Dev/Documents/vivado test/WYWM/Capstone Project/CS4/CS4.srcs/constrs_1/new/Basys3_Master.xdc:31]
WARNING: [Vivado 12-584] No ports matched 'SW[9]'. [C:/Users/Dev/Documents/vivado test/WYWM/Capstone Project/CS4/CS4.srcs/constrs_1/new/Basys3_Master.xdc:32]
WARNING: [Vivado 12-584] No ports matched 'SW[10]'. [C:/Users/Dev/Documents/vivado test/WYWM/Capstone Project/CS4/CS4.srcs/constrs_1/new/Basys3_Master.xdc:33]
WARNING: [Vivado 12-584] No ports matched 'SW[10]'. [C:/Users/Dev/Documents/vivado test/WYWM/Capstone Project/CS4/CS4.srcs/constrs_1/new/Basys3_Master.xdc:34]
WARNING: [Vivado 12-584] No ports matched 'SW[11]'. [C:/Users/Dev/Documents/vivado test/WYWM/Capstone Project/CS4/CS4.srcs/constrs_1/new/Basys3_Master.xdc:35]
WARNING: [Vivado 12-584] No ports matched 'SW[11]'. [C:/Users/Dev/Documents/vivado test/WYWM/Capstone Project/CS4/CS4.srcs/constrs_1/new/Basys3_Master.xdc:36]
WARNING: [Vivado 12-584] No ports matched 'SW[12]'. [C:/Users/Dev/Documents/vivado test/WYWM/Capstone Project/CS4/CS4.srcs/constrs_1/new/Basys3_Master.xdc:37]
WARNING: [Vivado 12-584] No ports matched 'SW[12]'. [C:/Users/Dev/Documents/vivado test/WYWM/Capstone Project/CS4/CS4.srcs/constrs_1/new/Basys3_Master.xdc:38]
WARNING: [Vivado 12-584] No ports matched 'SW[13]'. [C:/Users/Dev/Documents/vivado test/WYWM/Capstone Project/CS4/CS4.srcs/constrs_1/new/Basys3_Master.xdc:39]
WARNING: [Vivado 12-584] No ports matched 'SW[13]'. [C:/Users/Dev/Documents/vivado test/WYWM/Capstone Project/CS4/CS4.srcs/constrs_1/new/Basys3_Master.xdc:40]
WARNING: [Vivado 12-584] No ports matched 'SW[14]'. [C:/Users/Dev/Documents/vivado test/WYWM/Capstone Project/CS4/CS4.srcs/constrs_1/new/Basys3_Master.xdc:41]
WARNING: [Vivado 12-584] No ports matched 'SW[14]'. [C:/Users/Dev/Documents/vivado test/WYWM/Capstone Project/CS4/CS4.srcs/constrs_1/new/Basys3_Master.xdc:42]
WARNING: [Vivado 12-584] No ports matched 'SW[15]'. [C:/Users/Dev/Documents/vivado test/WYWM/Capstone Project/CS4/CS4.srcs/constrs_1/new/Basys3_Master.xdc:43]
WARNING: [Vivado 12-584] No ports matched 'SW[15]'. [C:/Users/Dev/Documents/vivado test/WYWM/Capstone Project/CS4/CS4.srcs/constrs_1/new/Basys3_Master.xdc:44]
WARNING: [Vivado 12-584] No ports matched 'LED[0]'. [C:/Users/Dev/Documents/vivado test/WYWM/Capstone Project/CS4/CS4.srcs/constrs_1/new/Basys3_Master.xdc:48]
WARNING: [Vivado 12-584] No ports matched 'LED[0]'. [C:/Users/Dev/Documents/vivado test/WYWM/Capstone Project/CS4/CS4.srcs/constrs_1/new/Basys3_Master.xdc:49]
WARNING: [Vivado 12-584] No ports matched 'LED[1]'. [C:/Users/Dev/Documents/vivado test/WYWM/Capstone Project/CS4/CS4.srcs/constrs_1/new/Basys3_Master.xdc:50]
WARNING: [Vivado 12-584] No ports matched 'LED[1]'. [C:/Users/Dev/Documents/vivado test/WYWM/Capstone Project/CS4/CS4.srcs/constrs_1/new/Basys3_Master.xdc:51]
WARNING: [Vivado 12-584] No ports matched 'LED[2]'. [C:/Users/Dev/Documents/vivado test/WYWM/Capstone Project/CS4/CS4.srcs/constrs_1/new/Basys3_Master.xdc:52]
WARNING: [Vivado 12-584] No ports matched 'LED[2]'. [C:/Users/Dev/Documents/vivado test/WYWM/Capstone Project/CS4/CS4.srcs/constrs_1/new/Basys3_Master.xdc:53]
WARNING: [Vivado 12-584] No ports matched 'LED[3]'. [C:/Users/Dev/Documents/vivado test/WYWM/Capstone Project/CS4/CS4.srcs/constrs_1/new/Basys3_Master.xdc:54]
WARNING: [Vivado 12-584] No ports matched 'LED[3]'. [C:/Users/Dev/Documents/vivado test/WYWM/Capstone Project/CS4/CS4.srcs/constrs_1/new/Basys3_Master.xdc:55]
WARNING: [Vivado 12-584] No ports matched 'LED[4]'. [C:/Users/Dev/Documents/vivado test/WYWM/Capstone Project/CS4/CS4.srcs/constrs_1/new/Basys3_Master.xdc:56]
WARNING: [Vivado 12-584] No ports matched 'LED[4]'. [C:/Users/Dev/Documents/vivado test/WYWM/Capstone Project/CS4/CS4.srcs/constrs_1/new/Basys3_Master.xdc:57]
WARNING: [Vivado 12-584] No ports matched 'LED[5]'. [C:/Users/Dev/Documents/vivado test/WYWM/Capstone Project/CS4/CS4.srcs/constrs_1/new/Basys3_Master.xdc:58]
WARNING: [Vivado 12-584] No ports matched 'LED[5]'. [C:/Users/Dev/Documents/vivado test/WYWM/Capstone Project/CS4/CS4.srcs/constrs_1/new/Basys3_Master.xdc:59]
WARNING: [Vivado 12-584] No ports matched 'LED[6]'. [C:/Users/Dev/Documents/vivado test/WYWM/Capstone Project/CS4/CS4.srcs/constrs_1/new/Basys3_Master.xdc:60]
WARNING: [Vivado 12-584] No ports matched 'LED[6]'. [C:/Users/Dev/Documents/vivado test/WYWM/Capstone Project/CS4/CS4.srcs/constrs_1/new/Basys3_Master.xdc:61]
WARNING: [Vivado 12-584] No ports matched 'LED[7]'. [C:/Users/Dev/Documents/vivado test/WYWM/Capstone Project/CS4/CS4.srcs/constrs_1/new/Basys3_Master.xdc:62]
WARNING: [Vivado 12-584] No ports matched 'LED[7]'. [C:/Users/Dev/Documents/vivado test/WYWM/Capstone Project/CS4/CS4.srcs/constrs_1/new/Basys3_Master.xdc:63]
WARNING: [Vivado 12-584] No ports matched 'LED[8]'. [C:/Users/Dev/Documents/vivado test/WYWM/Capstone Project/CS4/CS4.srcs/constrs_1/new/Basys3_Master.xdc:64]
WARNING: [Vivado 12-584] No ports matched 'LED[8]'. [C:/Users/Dev/Documents/vivado test/WYWM/Capstone Project/CS4/CS4.srcs/constrs_1/new/Basys3_Master.xdc:65]
WARNING: [Vivado 12-584] No ports matched 'LED[9]'. [C:/Users/Dev/Documents/vivado test/WYWM/Capstone Project/CS4/CS4.srcs/constrs_1/new/Basys3_Master.xdc:66]
WARNING: [Vivado 12-584] No ports matched 'LED[9]'. [C:/Users/Dev/Documents/vivado test/WYWM/Capstone Project/CS4/CS4.srcs/constrs_1/new/Basys3_Master.xdc:67]
WARNING: [Vivado 12-584] No ports matched 'LED[10]'. [C:/Users/Dev/Documents/vivado test/WYWM/Capstone Project/CS4/CS4.srcs/constrs_1/new/Basys3_Master.xdc:68]
WARNING: [Vivado 12-584] No ports matched 'LED[10]'. [C:/Users/Dev/Documents/vivado test/WYWM/Capstone Project/CS4/CS4.srcs/constrs_1/new/Basys3_Master.xdc:69]
WARNING: [Vivado 12-584] No ports matched 'LED[11]'. [C:/Users/Dev/Documents/vivado test/WYWM/Capstone Project/CS4/CS4.srcs/constrs_1/new/Basys3_Master.xdc:70]
WARNING: [Vivado 12-584] No ports matched 'LED[11]'. [C:/Users/Dev/Documents/vivado test/WYWM/Capstone Project/CS4/CS4.srcs/constrs_1/new/Basys3_Master.xdc:71]
WARNING: [Vivado 12-584] No ports matched 'LED[12]'. [C:/Users/Dev/Documents/vivado test/WYWM/Capstone Project/CS4/CS4.srcs/constrs_1/new/Basys3_Master.xdc:72]
WARNING: [Vivado 12-584] No ports matched 'LED[12]'. [C:/Users/Dev/Documents/vivado test/WYWM/Capstone Project/CS4/CS4.srcs/constrs_1/new/Basys3_Master.xdc:73]
WARNING: [Vivado 12-584] No ports matched 'LED[13]'. [C:/Users/Dev/Documents/vivado test/WYWM/Capstone Project/CS4/CS4.srcs/constrs_1/new/Basys3_Master.xdc:74]
WARNING: [Vivado 12-584] No ports matched 'LED[13]'. [C:/Users/Dev/Documents/vivado test/WYWM/Capstone Project/CS4/CS4.srcs/constrs_1/new/Basys3_Master.xdc:75]
WARNING: [Vivado 12-584] No ports matched 'LED[14]'. [C:/Users/Dev/Documents/vivado test/WYWM/Capstone Project/CS4/CS4.srcs/constrs_1/new/Basys3_Master.xdc:76]
WARNING: [Vivado 12-584] No ports matched 'LED[14]'. [C:/Users/Dev/Documents/vivado test/WYWM/Capstone Project/CS4/CS4.srcs/constrs_1/new/Basys3_Master.xdc:77]
WARNING: [Vivado 12-584] No ports matched 'LED[15]'. [C:/Users/Dev/Documents/vivado test/WYWM/Capstone Project/CS4/CS4.srcs/constrs_1/new/Basys3_Master.xdc:78]
WARNING: [Vivado 12-584] No ports matched 'LED[15]'. [C:/Users/Dev/Documents/vivado test/WYWM/Capstone Project/CS4/CS4.srcs/constrs_1/new/Basys3_Master.xdc:79]
WARNING: [Vivado 12-584] No ports matched 'SSEG_CA[0]'. [C:/Users/Dev/Documents/vivado test/WYWM/Capstone Project/CS4/CS4.srcs/constrs_1/new/Basys3_Master.xdc:84]
WARNING: [Vivado 12-584] No ports matched 'SSEG_CA[0]'. [C:/Users/Dev/Documents/vivado test/WYWM/Capstone Project/CS4/CS4.srcs/constrs_1/new/Basys3_Master.xdc:85]
WARNING: [Vivado 12-584] No ports matched 'SSEG_CA[1]'. [C:/Users/Dev/Documents/vivado test/WYWM/Capstone Project/CS4/CS4.srcs/constrs_1/new/Basys3_Master.xdc:87]
WARNING: [Vivado 12-584] No ports matched 'SSEG_CA[1]'. [C:/Users/Dev/Documents/vivado test/WYWM/Capstone Project/CS4/CS4.srcs/constrs_1/new/Basys3_Master.xdc:88]
WARNING: [Vivado 12-584] No ports matched 'SSEG_CA[2]'. [C:/Users/Dev/Documents/vivado test/WYWM/Capstone Project/CS4/CS4.srcs/constrs_1/new/Basys3_Master.xdc:90]
WARNING: [Vivado 12-584] No ports matched 'SSEG_CA[2]'. [C:/Users/Dev/Documents/vivado test/WYWM/Capstone Project/CS4/CS4.srcs/constrs_1/new/Basys3_Master.xdc:91]
WARNING: [Vivado 12-584] No ports matched 'SSEG_CA[3]'. [C:/Users/Dev/Documents/vivado test/WYWM/Capstone Project/CS4/CS4.srcs/constrs_1/new/Basys3_Master.xdc:93]
WARNING: [Vivado 12-584] No ports matched 'SSEG_CA[3]'. [C:/Users/Dev/Documents/vivado test/WYWM/Capstone Project/CS4/CS4.srcs/constrs_1/new/Basys3_Master.xdc:94]
WARNING: [Vivado 12-584] No ports matched 'SSEG_CA[4]'. [C:/Users/Dev/Documents/vivado test/WYWM/Capstone Project/CS4/CS4.srcs/constrs_1/new/Basys3_Master.xdc:96]
WARNING: [Vivado 12-584] No ports matched 'SSEG_CA[4]'. [C:/Users/Dev/Documents/vivado test/WYWM/Capstone Project/CS4/CS4.srcs/constrs_1/new/Basys3_Master.xdc:97]
WARNING: [Vivado 12-584] No ports matched 'SSEG_CA[5]'. [C:/Users/Dev/Documents/vivado test/WYWM/Capstone Project/CS4/CS4.srcs/constrs_1/new/Basys3_Master.xdc:99]
WARNING: [Vivado 12-584] No ports matched 'SSEG_CA[5]'. [C:/Users/Dev/Documents/vivado test/WYWM/Capstone Project/CS4/CS4.srcs/constrs_1/new/Basys3_Master.xdc:100]
WARNING: [Vivado 12-584] No ports matched 'SSEG_CA[6]'. [C:/Users/Dev/Documents/vivado test/WYWM/Capstone Project/CS4/CS4.srcs/constrs_1/new/Basys3_Master.xdc:102]
WARNING: [Vivado 12-584] No ports matched 'SSEG_CA[6]'. [C:/Users/Dev/Documents/vivado test/WYWM/Capstone Project/CS4/CS4.srcs/constrs_1/new/Basys3_Master.xdc:103]
WARNING: [Vivado 12-584] No ports matched 'SSEG_CA[7]'. [C:/Users/Dev/Documents/vivado test/WYWM/Capstone Project/CS4/CS4.srcs/constrs_1/new/Basys3_Master.xdc:106]
WARNING: [Vivado 12-584] No ports matched 'SSEG_CA[7]'. [C:/Users/Dev/Documents/vivado test/WYWM/Capstone Project/CS4/CS4.srcs/constrs_1/new/Basys3_Master.xdc:107]
WARNING: [Vivado 12-584] No ports matched 'SSEG_AN[0]'. [C:/Users/Dev/Documents/vivado test/WYWM/Capstone Project/CS4/CS4.srcs/constrs_1/new/Basys3_Master.xdc:110]
WARNING: [Vivado 12-584] No ports matched 'SSEG_AN[0]'. [C:/Users/Dev/Documents/vivado test/WYWM/Capstone Project/CS4/CS4.srcs/constrs_1/new/Basys3_Master.xdc:111]
WARNING: [Vivado 12-584] No ports matched 'SSEG_AN[1]'. [C:/Users/Dev/Documents/vivado test/WYWM/Capstone Project/CS4/CS4.srcs/constrs_1/new/Basys3_Master.xdc:113]
WARNING: [Vivado 12-584] No ports matched 'SSEG_AN[1]'. [C:/Users/Dev/Documents/vivado test/WYWM/Capstone Project/CS4/CS4.srcs/constrs_1/new/Basys3_Master.xdc:114]
WARNING: [Vivado 12-584] No ports matched 'SSEG_AN[2]'. [C:/Users/Dev/Documents/vivado test/WYWM/Capstone Project/CS4/CS4.srcs/constrs_1/new/Basys3_Master.xdc:116]
WARNING: [Vivado 12-584] No ports matched 'SSEG_AN[2]'. [C:/Users/Dev/Documents/vivado test/WYWM/Capstone Project/CS4/CS4.srcs/constrs_1/new/Basys3_Master.xdc:117]
WARNING: [Vivado 12-584] No ports matched 'SSEG_AN[3]'. [C:/Users/Dev/Documents/vivado test/WYWM/Capstone Project/CS4/CS4.srcs/constrs_1/new/Basys3_Master.xdc:119]
WARNING: [Vivado 12-584] No ports matched 'SSEG_AN[3]'. [C:/Users/Dev/Documents/vivado test/WYWM/Capstone Project/CS4/CS4.srcs/constrs_1/new/Basys3_Master.xdc:120]
WARNING: [Vivado 12-584] No ports matched 'BTN[4]'. [C:/Users/Dev/Documents/vivado test/WYWM/Capstone Project/CS4/CS4.srcs/constrs_1/new/Basys3_Master.xdc:125]
WARNING: [Vivado 12-584] No ports matched 'BTN[4]'. [C:/Users/Dev/Documents/vivado test/WYWM/Capstone Project/CS4/CS4.srcs/constrs_1/new/Basys3_Master.xdc:126]
WARNING: [Vivado 12-584] No ports matched 'BTN[0]'. [C:/Users/Dev/Documents/vivado test/WYWM/Capstone Project/CS4/CS4.srcs/constrs_1/new/Basys3_Master.xdc:128]
WARNING: [Vivado 12-584] No ports matched 'BTN[0]'. [C:/Users/Dev/Documents/vivado test/WYWM/Capstone Project/CS4/CS4.srcs/constrs_1/new/Basys3_Master.xdc:129]
WARNING: [Vivado 12-584] No ports matched 'BTN[1]'. [C:/Users/Dev/Documents/vivado test/WYWM/Capstone Project/CS4/CS4.srcs/constrs_1/new/Basys3_Master.xdc:131]
WARNING: [Vivado 12-584] No ports matched 'BTN[1]'. [C:/Users/Dev/Documents/vivado test/WYWM/Capstone Project/CS4/CS4.srcs/constrs_1/new/Basys3_Master.xdc:132]
WARNING: [Vivado 12-584] No ports matched 'BTN[2]'. [C:/Users/Dev/Documents/vivado test/WYWM/Capstone Project/CS4/CS4.srcs/constrs_1/new/Basys3_Master.xdc:134]
WARNING: [Vivado 12-584] No ports matched 'BTN[2]'. [C:/Users/Dev/Documents/vivado test/WYWM/Capstone Project/CS4/CS4.srcs/constrs_1/new/Basys3_Master.xdc:135]
WARNING: [Vivado 12-584] No ports matched 'BTN[3]'. [C:/Users/Dev/Documents/vivado test/WYWM/Capstone Project/CS4/CS4.srcs/constrs_1/new/Basys3_Master.xdc:137]
INFO: [Common 17-14] Message 'Vivado 12-584' appears 100 times and further instances of the messages will be disabled. Use the Tcl command set_msg_config to change the current settings. [C:/Users/Dev/Documents/vivado test/WYWM/Capstone Project/CS4/CS4.srcs/constrs_1/new/Basys3_Master.xdc:137]
Finished Parsing XDC File [C:/Users/Dev/Documents/vivado test/WYWM/Capstone Project/CS4/CS4.srcs/constrs_1/new/Basys3_Master.xdc]
WARNING: [Project 1-498] One or more constraints failed evaluation while reading constraint file [C:/Users/Dev/Documents/vivado test/WYWM/Capstone Project/CS4/CS4.srcs/constrs_1/new/Basys3_Master.xdc] and the design contains unresolved black boxes. These constraints will be read post-synthesis (as long as their source constraint file is marked as used_in_implementation) and should be applied correctly then. You should review the constraints listed in the file [.Xil/top_wrapper_propImpl.xdc] and check the run log file to verify that these constraints were correctly applied.
INFO: [Project 1-236] Implementation specific constraints were found while reading constraint file [C:/Users/Dev/Documents/vivado test/WYWM/Capstone Project/CS4/CS4.srcs/constrs_1/new/Basys3_Master.xdc]. These constraints will be ignored for synthesis but will be used in implementation. Impacted constraints are listed in the file [.Xil/top_wrapper_propImpl.xdc].
Resolution: To avoid this warning, move constraints listed in [.Xil/top_wrapper_propImpl.xdc] to another XDC file and exclude this new file from synthesis with the used_in_synthesis property (File Properties dialog in GUI) and re-run elaboration/synthesis.
Parsing XDC File [C:/Users/Dev/Documents/vivado test/WYWM/Capstone Project/CS4/CS4.runs/synth_1/dont_touch.xdc]
Finished Parsing XDC File [C:/Users/Dev/Documents/vivado test/WYWM/Capstone Project/CS4/CS4.runs/synth_1/dont_touch.xdc]
Completed Processing XDC Constraints

Netlist sorting complete. Time (s): cpu = 00:00:00 ; elapsed = 00:00:00 . Memory (MB): peak = 1512.293 ; gain = 0.000
INFO: [Project 1-111] Unisim Transformation Summary:
No Unisim elements were transformed.

The system cannot find the path specified.
Constraint Validation Runtime : Time (s): cpu = 00:00:00 ; elapsed = 00:00:00.005 . Memory (MB): peak = 1512.293 ; gain = 0.000
INFO: [Designutils 20-5440] No compile time benefit to using incremental synthesis; A full resynthesis will be run
INFO: [Designutils 20-4379] Flow is switching to default flow due to incremental criteria not met. If you would like to alter this behaviour and have the flow terminate instead, please set the following parameter config_implementation {autoIncr.Synth.RejectBehavior Terminate}
---------------------------------------------------------------------------------
Finished Constraint Validation : Time (s): cpu = 00:00:12 ; elapsed = 00:00:12 . Memory (MB): peak = 1512.293 ; gain = 559.617
---------------------------------------------------------------------------------
---------------------------------------------------------------------------------
Start Loading Part and Timing Information
---------------------------------------------------------------------------------
Loading part: xc7a35tcpg236-1
---------------------------------------------------------------------------------
Finished Loading Part and Timing Information : Time (s): cpu = 00:00:12 ; elapsed = 00:00:13 . Memory (MB): peak = 1512.293 ; gain = 559.617
---------------------------------------------------------------------------------
---------------------------------------------------------------------------------
Start Applying 'set_property' XDC Constraints
---------------------------------------------------------------------------------
Applied set_property IO_BUFFER_TYPE = NONE for sys_clock. (constraint file  {c:/Users/Dev/Documents/vivado test/WYWM/Capstone Project/CS4/CS4.gen/sources_1/bd/top/ip/top_clk_wiz_0_0/top_clk_wiz_0_0/top_clk_wiz_0_0_in_context.xdc}, line 3).
Applied set_property CLOCK_BUFFER_TYPE = NONE for sys_clock. (constraint file  {c:/Users/Dev/Documents/vivado test/WYWM/Capstone Project/CS4/CS4.gen/sources_1/bd/top/ip/top_clk_wiz_0_0/top_clk_wiz_0_0/top_clk_wiz_0_0_in_context.xdc}, line 4).
Applied set_property KEEP_HIERARCHY = SOFT for top_i. (constraint file  auto generated constraint).
Applied set_property KEEP_HIERARCHY = SOFT for top_i/clk_wiz_0. (constraint file  auto generated constraint).
Applied set_property KEEP_HIERARCHY = SOFT for top_i/blk_mem_gen_0. (constraint file  auto generated constraint).
Applied set_property KEEP_HIERARCHY = SOFT for top_i/image_threshold_0. (constraint file  auto generated constraint).
Applied set_property KEEP_HIERARCHY = SOFT for top_i/blk_mem_gen_1. (constraint file  auto generated constraint).
Applied set_property KEEP_HIERARCHY = SOFT for top_i/rst_clk_wiz_0_100M. (constraint file  auto generated constraint).
Applied set_property KEEP_HIERARCHY = SOFT for top_i/xlconstant_0. (constraint file  auto generated constraint).
Applied set_property KEEP_HIERARCHY = SOFT for top_i/sobel_processor_0. (constraint file  auto generated constraint).
Applied set_property KEEP_HIERARCHY = SOFT for top_i/xlconstant_2. (constraint file  auto generated constraint).
Applied set_property KEEP_HIERARCHY = SOFT for top_i/blk_mem_gen_2. (constraint file  auto generated constraint).
Applied set_property KEEP_HIERARCHY = SOFT for top_i/UART_TX_CTRL_0. (constraint file  auto generated constraint).
Applied set_property KEEP_HIERARCHY = SOFT for top_i/xlconstant_1. (constraint file  auto generated constraint).
Applied set_property KEEP_HIERARCHY = SOFT for top_i/uart_bram_loader_0. (constraint file  auto generated constraint).
Applied set_property KEEP_HIERARCHY = SOFT for top_i/ila_0. (constraint file  auto generated constraint).
Applied set_property KEEP_HIERARCHY = SOFT for top_i/line_buffer_simple_0. (constraint file  auto generated constraint).
Applied set_property KEEP_HIERARCHY = SOFT for top_i/bram_reader_0. (constraint file  auto generated constraint).
---------------------------------------------------------------------------------
Finished applying 'set_property' XDC Constraints : Time (s): cpu = 00:00:12 ; elapsed = 00:00:13 . Memory (MB): peak = 1512.293 ; gain = 559.617
---------------------------------------------------------------------------------
---------------------------------------------------------------------------------
Finished RTL Optimization Phase 2 : Time (s): cpu = 00:00:12 ; elapsed = 00:00:13 . Memory (MB): peak = 1512.293 ; gain = 559.617
---------------------------------------------------------------------------------
---------------------------------------------------------------------------------
Start RTL Component Statistics 
---------------------------------------------------------------------------------
Detailed RTL Component Info : 
---------------------------------------------------------------------------------
Finished RTL Component Statistics 
---------------------------------------------------------------------------------
---------------------------------------------------------------------------------
Start Part Resource Summary
---------------------------------------------------------------------------------
Part Resources:
DSPs: 90 (col length:60)
BRAMs: 100 (col length: RAMB18 60 RAMB36 30)
---------------------------------------------------------------------------------
Finished Part Resource Summary
---------------------------------------------------------------------------------
---------------------------------------------------------------------------------
Start Cross Boundary and Area Optimization
---------------------------------------------------------------------------------
WARNING: [Synth 8-7080] Parallel synthesis criteria is not met
---------------------------------------------------------------------------------
Finished Cross Boundary and Area Optimization : Time (s): cpu = 00:00:14 ; elapsed = 00:00:14 . Memory (MB): peak = 1512.293 ; gain = 559.617
---------------------------------------------------------------------------------
---------------------------------------------------------------------------------
Start Applying XDC Timing Constraints
---------------------------------------------------------------------------------
---------------------------------------------------------------------------------
Finished Applying XDC Timing Constraints : Time (s): cpu = 00:00:18 ; elapsed = 00:00:18 . Memory (MB): peak = 1512.293 ; gain = 559.617
---------------------------------------------------------------------------------
---------------------------------------------------------------------------------
Start Timing Optimization
---------------------------------------------------------------------------------
---------------------------------------------------------------------------------
Finished Timing Optimization : Time (s): cpu = 00:00:18 ; elapsed = 00:00:18 . Memory (MB): peak = 1512.293 ; gain = 559.617
---------------------------------------------------------------------------------
---------------------------------------------------------------------------------
Start Technology Mapping
---------------------------------------------------------------------------------
---------------------------------------------------------------------------------
Finished Technology Mapping : Time (s): cpu = 00:00:18 ; elapsed = 00:00:18 . Memory (MB): peak = 1512.293 ; gain = 559.617
---------------------------------------------------------------------------------
---------------------------------------------------------------------------------
Start IO Insertion
---------------------------------------------------------------------------------
---------------------------------------------------------------------------------
Start Flattening Before IO Insertion
---------------------------------------------------------------------------------
---------------------------------------------------------------------------------
Finished Flattening Before IO Insertion
---------------------------------------------------------------------------------
---------------------------------------------------------------------------------
Start Final Netlist Cleanup
---------------------------------------------------------------------------------
---------------------------------------------------------------------------------
Finished Final Netlist Cleanup
---------------------------------------------------------------------------------
---------------------------------------------------------------------------------
Finished IO Insertion : Time (s): cpu = 00:00:21 ; elapsed = 00:00:22 . Memory (MB): peak = 1512.293 ; gain = 559.617
---------------------------------------------------------------------------------
---------------------------------------------------------------------------------
Start Renaming Generated Instances
---------------------------------------------------------------------------------
---------------------------------------------------------------------------------
Finished Renaming Generated Instances : Time (s): cpu = 00:00:21 ; elapsed = 00:00:22 . Memory (MB): peak = 1512.293 ; gain = 559.617
---------------------------------------------------------------------------------
---------------------------------------------------------------------------------
Start Rebuilding User Hierarchy
---------------------------------------------------------------------------------
---------------------------------------------------------------------------------
Finished Rebuilding User Hierarchy : Time (s): cpu = 00:00:21 ; elapsed = 00:00:22 . Memory (MB): peak = 1512.293 ; gain = 559.617
---------------------------------------------------------------------------------
---------------------------------------------------------------------------------
Start Renaming Generated Ports
---------------------------------------------------------------------------------
---------------------------------------------------------------------------------
Finished Renaming Generated Ports : Time (s): cpu = 00:00:21 ; elapsed = 00:00:22 . Memory (MB): peak = 1512.293 ; gain = 559.617
---------------------------------------------------------------------------------
---------------------------------------------------------------------------------
Start Handling Custom Attributes
---------------------------------------------------------------------------------
---------------------------------------------------------------------------------
Finished Handling Custom Attributes : Time (s): cpu = 00:00:21 ; elapsed = 00:00:22 . Memory (MB): peak = 1512.293 ; gain = 559.617
---------------------------------------------------------------------------------
---------------------------------------------------------------------------------
Start Renaming Generated Nets
---------------------------------------------------------------------------------
---------------------------------------------------------------------------------
Finished Renaming Generated Nets : Time (s): cpu = 00:00:21 ; elapsed = 00:00:22 . Memory (MB): peak = 1512.293 ; gain = 559.617
---------------------------------------------------------------------------------
---------------------------------------------------------------------------------
Start Writing Synthesis Report
---------------------------------------------------------------------------------

Report BlackBoxes: 
+------+---------------------------+----------+
|      |BlackBox name              |Instances |
+------+---------------------------+----------+
|1     |top_UART_TX_CTRL_0_0       |         1|
|2     |top_blk_mem_gen_0_0        |         1|
|3     |top_blk_mem_gen_1_0        |         1|
|4     |top_blk_mem_gen_2_0        |         1|
|5     |top_bram_reader_0_1        |         1|
|6     |top_clk_wiz_0_0            |         1|
|7     |top_ila_0_0                |         1|
|8     |top_image_threshold_0_0    |         1|
|9     |top_line_buffer_simple_0_0 |         1|
|10    |top_rst_clk_wiz_0_100M_0   |         1|
|11    |top_sobel_processor_0_0    |         1|
|12    |top_uart_bram_loader_0_1   |         1|
+------+---------------------------+----------+

Report Cell Usage: 
+------+--------------------------------+------+
|      |Cell                            |Count |
+------+--------------------------------+------+
|1     |top_UART_TX_CTRL_0_0_bbox       |     1|
|2     |top_blk_mem_gen_0_0_bbox        |     1|
|3     |top_blk_mem_gen_1_0_bbox        |     1|
|4     |top_blk_mem_gen_2_0_bbox        |     1|
|5     |top_bram_reader_0_1_bbox        |     1|
|6     |top_clk_wiz_0_0_bbox            |     1|
|7     |top_ila_0_0_bbox                |     1|
|8     |top_image_threshold_0_0_bbox    |     1|
|9     |top_line_buffer_simple_0_0_bbox |     1|
|10    |top_rst_clk_wiz_0_100M_0_bbox   |     1|
|11    |top_sobel_processor_0_0_bbox    |     1|
|12    |top_uart_bram_loader_0_1_bbox   |     1|
|13    |IBUF                            |     1|
|14    |OBUF                            |     1|
+------+--------------------------------+------+
---------------------------------------------------------------------------------
Finished Writing Synthesis Report : Time (s): cpu = 00:00:21 ; elapsed = 00:00:22 . Memory (MB): peak = 1512.293 ; gain = 559.617
---------------------------------------------------------------------------------
Synthesis finished with 0 errors, 0 critical warnings and 1 warnings.
Synthesis Optimization Runtime : Time (s): cpu = 00:00:14 ; elapsed = 00:00:20 . Memory (MB): peak = 1512.293 ; gain = 552.094
Synthesis Optimization Complete : Time (s): cpu = 00:00:21 ; elapsed = 00:00:22 . Memory (MB): peak = 1512.293 ; gain = 559.617
INFO: [Project 1-571] Translating synthesized netlist
Netlist sorting complete. Time (s): cpu = 00:00:00 ; elapsed = 00:00:00.002 . Memory (MB): peak = 1516.219 ; gain = 0.000
INFO: [Project 1-570] Preparing netlist for logic optimization
INFO: [Opt 31-138] Pushed 0 inverter(s) to 0 load pin(s).
Netlist sorting complete. Time (s): cpu = 00:00:00 ; elapsed = 00:00:00 . Memory (MB): peak = 1519.879 ; gain = 0.000
INFO: [Project 1-111] Unisim Transformation Summary:
No Unisim elements were transformed.

The system cannot find the path specified.
Synth Design complete | Checksum: 6a51e7e2
INFO: [Common 17-83] Releasing license: Synthesis
66 Infos, 102 Warnings, 0 Critical Warnings and 0 Errors encountered.
synth_design completed successfully
synth_design: Time (s): cpu = 00:00:25 ; elapsed = 00:00:26 . Memory (MB): peak = 1519.879 ; gain = 950.949
Write ShapeDB Complete: Time (s): cpu = 00:00:00 ; elapsed = 00:00:00 . Memory (MB): peak = 1519.879 ; gain = 0.000
INFO: [Common 17-1381] The checkpoint 'C:/Users/Dev/Documents/vivado test/WYWM/Capstone Project/CS4/CS4.runs/synth_1/top_wrapper.dcp' has been generated.
INFO: [runtcl-4] Executing : report_utilization -file top_wrapper_utilization_synth.rpt -pb top_wrapper_utilization_synth.pb
INFO: [Common 17-206] Exiting Vivado at Thu May 15 08:58:15 2025...
