Copyright 1986-2022 Xilinx, Inc. All Rights Reserved. Copyright 2022-2023 Advanced Micro Devices, Inc. All Rights Reserved.
---------------------------------------------------------------------------------------------------------------------------------------------
| Tool Version : Vivado v.2023.2 (win64) Build 4029153 Fri Oct 13 20:14:34 MDT 2023
| Date         : Sun Jun 29 22:55:53 2025
| Host         : DESKTOP-EFRMAI2 running 64-bit major release  (build 9200)
| Command      : report_control_sets -verbose -file top_wrapper_control_sets_placed.rpt
| Design       : top_wrapper
| Device       : xc7a35t
---------------------------------------------------------------------------------------------------------------------------------------------

Control Set Information

Table of Contents
-----------------
1. Summary
2. Histogram
3. Flip-Flop Distribution
4. Detailed Control Set Information

1. Summary
----------

+----------------------------------------------------------+-------+
|                          Status                          | Count |
+----------------------------------------------------------+-------+
| Total control sets                                       |     4 |
|    Minimum number of control sets                        |     4 |
|    Addition due to synthesis replication                 |     0 |
|    Addition due to physical synthesis replication        |     0 |
| Unused register locations in slices containing registers |    20 |
+----------------------------------------------------------+-------+
* Control sets can be merged at opt_design using control_set_merge or merge_equivalent_drivers
** Run report_qor_suggestions for automated merging and remapping suggestions


2. Histogram
------------

+--------------------+-------+
|       Fanout       | Count |
+--------------------+-------+
| Total control sets |     4 |
| >= 0 to < 4        |     0 |
| >= 4 to < 6        |     0 |
| >= 6 to < 8        |     0 |
| >= 8 to < 10       |     0 |
| >= 10 to < 12      |     2 |
| >= 12 to < 14      |     2 |
| >= 14 to < 16      |     0 |
| >= 16              |     0 |
+--------------------+-------+
* Control sets can be remapped at either synth_design or opt_design


3. Flip-Flop Distribution
-------------------------

+--------------+-----------------------+------------------------+-----------------+--------------+
| Clock Enable | Synchronous Set/Reset | Asynchronous Set/Reset | Total Registers | Total Slices |
+--------------+-----------------------+------------------------+-----------------+--------------+
| No           | No                    | No                     |              12 |            8 |
| No           | No                    | Yes                    |               0 |            0 |
| No           | Yes                   | No                     |              22 |            7 |
| Yes          | No                    | No                     |              10 |            3 |
| Yes          | No                    | Yes                    |               0 |            0 |
| Yes          | Yes                   | No                     |               0 |            0 |
+--------------+-----------------------+------------------------+-----------------+--------------+


4. Detailed Control Set Information
-----------------------------------

+---------------------------------+--------------------------------------+----------------------------------------+------------------+----------------+--------------+
|           Clock Signal          |             Enable Signal            |            Set/Reset Signal            | Slice Load Count | Bel Load Count | Bels / Slice |
+---------------------------------+--------------------------------------+----------------------------------------+------------------+----------------+--------------+
|  top_i/clk_wiz_0/inst/clk_out25 |                                      | top_i/VGA_Output_0/U0/RSTC             |                3 |             10 |         3.33 |
|  top_i/clk_wiz_0/inst/clk_out25 | top_i/VGA_Output_0/U0/vert_counter_0 |                                        |                3 |             10 |         3.33 |
|  top_i/clk_wiz_0/inst/clk_out25 |                                      |                                        |                8 |             12 |         1.50 |
|  top_i/clk_wiz_0/inst/clk_out25 |                                      | top_i/VGA_Output_0/U0/R_out[3]_i_1_n_0 |                4 |             12 |         3.00 |
+---------------------------------+--------------------------------------+----------------------------------------+------------------+----------------+--------------+


